<?xml version="1.0" encoding="UTF-8"?>
<!-- Generated by org.testng.reporters.JUnitReportReporter -->
<testsuite skipped="0" hostname="LAPTOP-A1E2UK5V" name="qaclickacademy.SeleniumTest" tests="2" failures="0" timestamp="08 Mar 2020 01:17:31 GMT" time="0.004" errors="0">
  <testcase name="BrowserAUtomation" time="0.004" classname="qaclickacademy.SeleniumTest"/>
  <testcase name="elementsUi" time="0.000" classname="qaclickacademy.SeleniumTest"/>
</testsuite> <!-- qaclickacademy.SeleniumTest -->
